2023.09.28 21:23:31 INFO  Started: Metals version 1.0.1 in folders '/home/mk/dataIntensiveComputing' for client Visual Studio Code 1.81.0.[0m
Sep 28, 2023 9:23:32 PM org.flywaydb.core.internal.license.VersionPrinter printVersionOnly
INFO: Flyway Community Edition 9.21.2 by Redgate
Sep 28, 2023 9:23:32 PM org.flywaydb.core.internal.license.VersionPrinter printVersion
INFO: See release notes here: https://rd.gt/416ObMi
Sep 28, 2023 9:23:32 PM org.flywaydb.core.internal.license.VersionPrinter printVersion
INFO: 
Sep 28, 2023 9:23:32 PM org.flywaydb.core.FlywayExecutor execute
INFO: Database: jdbc:h2:file:/home/mk/dataIntensiveComputing/.metals/metals (H2 2.1)
Sep 28, 2023 9:23:32 PM org.flywaydb.core.internal.schemahistory.JdbcTableSchemaHistory allAppliedMigrations
INFO: Schema history table "PUBLIC"."flyway_schema_history" does not exist yet
Sep 28, 2023 9:23:32 PM org.flywaydb.core.internal.command.DbValidate validate
INFO: Successfully validated 4 migrations (execution time 00:00.014s)
Sep 28, 2023 9:23:32 PM org.flywaydb.core.internal.schemahistory.JdbcTableSchemaHistory create
INFO: Creating Schema History table "PUBLIC"."flyway_schema_history" ...
Sep 28, 2023 9:23:32 PM org.flywaydb.core.internal.command.DbMigrate migrateGroup
INFO: Current version of schema "PUBLIC": << Empty Schema >>
Sep 28, 2023 9:23:32 PM org.flywaydb.core.internal.command.DbMigrate doMigrateGroup
INFO: Migrating schema "PUBLIC" to version "1 - Create tables"
Sep 28, 2023 9:23:32 PM org.flywaydb.core.internal.command.DbMigrate doMigrateGroup
INFO: Migrating schema "PUBLIC" to version "2 - Server discovery"
Sep 28, 2023 9:23:32 PM org.flywaydb.core.internal.command.DbMigrate doMigrateGroup
INFO: Migrating schema "PUBLIC" to version "3 - Jar symbols"
Sep 28, 2023 9:23:32 PM org.flywaydb.core.internal.command.DbMigrate doMigrateGroup
INFO: Migrating schema "PUBLIC" to version "4 - Fingerprints"
Sep 28, 2023 9:23:32 PM org.flywaydb.core.internal.command.DbMigrate logSummary
INFO: Successfully applied 4 migrations to schema "PUBLIC", now at version v4 (execution time 00:00.018s)
2023.09.28 21:23:32 INFO  time: initialize in 0.53s[0m
2023.09.28 21:23:34 WARN  scala-cli >= 0.1.3 not found in PATH, fetching and starting a JVM-based Scala CLI[0m
2023.09.28 21:23:40 INFO  no build target found for /home/mk/dataIntensiveComputing/Flink-Kafka-Consumer/build.sbt. Using presentation compiler with project's scala-library version: 3.3.0[0m
2023.09.28 21:23:40 WARN  no build target for: /home/mk/dataIntensiveComputing/Flink-Kafka-Consumer/build.sbt[0m
